<?xml version="1.0" encoding="utf-8"?><testsuites><testsuite name="pytest" errors="0" failures="0" skipped="0" tests="6" time="8.210" timestamp="2023-08-06T07:37:20.466067" hostname="ozy-XPS-9320"><testcase classname="tests.sportscar.body.test_body.BodyTests" name="test_body_functions_as_expected" time="0.000" /><testcase classname="tests.sportscar.body.test_body.BodyTests" name="test_dumper" time="0.000" /><testcase classname="tests.sportscar.engine.test_engine" name="test_engine_functions_as_expected" time="0.000" /><testcase classname="tests.sportscar.engine.test_engine" name="test_can_navigate_to_engine" time="2.975" /><testcase classname="tests.sportscar.entertainment.test_entertainment" name="test_entertainment_functions_as_expected" time="0.001" /><testcase classname="tests.sportscar.entertainment.test_entertainment" name="test_can_navigate_to_entertainment" time="5.165" /></testsuite></testsuites>